Validating found git in: git
Using git 2.20.1 from git
> git rev-parse --git-dir
Open repository: /home/yli
> git status -z -u
> git symbolic-ref --short HEAD
> git for-each-ref --format=%(refname)%00%(upstream:short)%00%(objectname)%00%(upstream:track) refs/heads/master refs/remotes/master
> git for-each-ref --sort -committerdate --format %(refname) %(objectname) %(*objectname)
> git remote --verbose
> git config --get commit.template
> git check-ignore -v -z --stdin
> git show --textconv :assignment_4/second.py
> git ls-files --stage -- /home/yli/assignment_4/second.py
> git cat-file -s b21657273287de4a880f72cef4388086916d8089
> git status -z -u
> git symbolic-ref --short HEAD
> git for-each-ref --format=%(refname)%00%(upstream:short)%00%(objectname)%00%(upstream:track) refs/heads/master refs/remotes/master
> git for-each-ref --sort -committerdate --format %(refname) %(objectname) %(*objectname)
> git remote --verbose
> git config --get commit.template
> git show --textconv :assignment_4/third.py
> git ls-files --stage -- /home/yli/assignment_4/third.py
> git cat-file -s eee21cfa8077d9f1d9448bf951dd21d67c9b3207
> git show --textconv :assignment_4/second.py
> git ls-files --stage -- /home/yli/assignment_4/second.py
> git cat-file -s b21657273287de4a880f72cef4388086916d8089
> git show --textconv :assignment_4/third.py
> git ls-files --stage -- /home/yli/assignment_4/third.py
> git cat-file -s eee21cfa8077d9f1d9448bf951dd21d67c9b3207
> git status -z -u
> git symbolic-ref --short HEAD
> git for-each-ref --format=%(refname)%00%(upstream:short)%00%(objectname)%00%(upstream:track) refs/heads/master refs/remotes/master
> git for-each-ref --sort -committerdate --format %(refname) %(objectname) %(*objectname)
> git remote --verbose
> git config --get commit.template
> git show --textconv :assignment_4/second.py
> git ls-files --stage -- /home/yli/assignment_4/second.py
> git cat-file -s b21657273287de4a880f72cef4388086916d8089
