[2021-11-06 19:41:03.975] [exthost] [info] Extension host with pid 582 started
[2021-11-06 19:41:04.967] [exthost] [info] ExtensionService#_doActivateExtension vscode.microsoft-authentication, startup: false, activationEvent: 'onAuthenticationRequest:microsoft'
[2021-11-06 19:41:05.388] [exthost] [info] ExtensionService#_doActivateExtension vscode.debug-auto-launch, startup: true, activationEvent: '*'
[2021-11-06 19:41:05.413] [exthost] [info] ExtensionService#_doActivateExtension vscode.git, startup: true, activationEvent: '*', root cause: vscode.github
[2021-11-06 19:41:06.321] [exthost] [info] ExtensionService#_doActivateExtension vscode.github, startup: true, activationEvent: '*'
[2021-11-06 19:41:06.474] [exthost] [info] Eager extensions activated
[2021-11-06 19:41:06.510] [exthost] [info] ExtensionService#_doActivateExtension vscode.github-authentication, startup: false, activationEvent: 'onAuthenticationRequest:github'
[2021-11-06 19:41:06.629] [exthost] [info] ExtensionService#_doActivateExtension vscode.merge-conflict, startup: false, activationEvent: 'onStartupFinished'
[2021-11-06 19:41:56.542] [exthost] [info] extension host terminating: renderer closed the socket
[2021-11-06 19:41:57.563] [exthost] [info] Extension host with pid 582 exiting with code 0
[2021-11-06 19:42:02.710] [exthost] [info] Extension host with pid 940 started
[2021-11-06 19:42:02.711] [exthost] [info] Skipping acquiring lock for /home/yli/.config/Code/User/workspaceStorage/1bde8465b30577fbcbf3c530086bb9b4.
[2021-11-06 19:42:03.124] [exthost] [info] ExtensionService#_doActivateExtension vscode.microsoft-authentication, startup: false, activationEvent: 'onAuthenticationRequest:microsoft'
[2021-11-06 19:42:03.163] [exthost] [info] ExtensionService#_doActivateExtension vscode.debug-auto-launch, startup: true, activationEvent: '*'
[2021-11-06 19:42:03.167] [exthost] [info] ExtensionService#_doActivateExtension vscode.git, startup: true, activationEvent: '*', root cause: vscode.github
[2021-11-06 19:42:03.633] [exthost] [info] ExtensionService#_doActivateExtension vscode.github, startup: true, activationEvent: '*'
[2021-11-06 19:42:03.841] [exthost] [info] Eager extensions activated
[2021-11-06 19:42:03.927] [exthost] [warning] [Decorations] CAPPING events from decorations provider vscode.git 282
[2021-11-06 19:42:04.398] [exthost] [info] ExtensionService#_doActivateExtension vscode.github-authentication, startup: false, activationEvent: 'onAuthenticationRequest:github'
[2021-11-06 19:42:04.459] [exthost] [info] ExtensionService#_doActivateExtension vscode.merge-conflict, startup: false, activationEvent: 'onStartupFinished'
[2021-11-06 19:42:07.875] [exthost] [warning] [Decorations] CAPPING events from decorations provider vscode.git 285
[2021-11-06 19:42:30.973] [exthost] [warning] [Decorations] CAPPING events from decorations provider vscode.git 320
[2021-11-06 19:42:40.527] [exthost] [info] extension host terminating: renderer closed the socket
[2021-11-06 19:42:41.543] [exthost] [info] Extension host with pid 940 exiting with code 0
